<?xml version="1.0" encoding="UTF-8"?>
<!-- Generated by org.testng.reporters.JUnitXMLReporter -->
<testsuite hostname="MAZHAVIKA" ignored="0" name="Test Case" tests="3" failures="0" timestamp="13 May 2020 13:13:38 GMT" time="0.102" errors="0">
  <testcase name="goto_airport" time="0.02" classname="TestNG.handledependencies"/>
  <testcase name="take_a_flight" time="0.004" classname="TestNG.handledependencies"/>
  <testcase name="travelto_india" time="0.004" classname="TestNG.handledependencies"/>
</testsuite> <!-- Test Case -->
